[2020-05-22 16:22:43,337][INFO] any info message - [id:10][instance:4] - [COMP-1][file-13.c][function-1][ln:288]
[2020-05-22 16:22:44,838][INFO] any info message - [id:10][instance:1] - [COMP-1][file-3.c][function-8][ln:790]
[2020-05-22 16:22:46,340][INFO] any info message - [id:10][instance:4] - [COMP-5][file-1.c][function-11][ln:655]
[2020-05-22 16:22:47,835][DEBUG] any debug message - [id:10][instance:4] - [COMP-8][file-2.c][function-10][ln:35]
[2020-05-22 16:22:47,842][INFO] any info message - [id:10][instance:3] - [COMP-4][file-6.c][function-8][ln:836]
[2020-05-22 16:22:49,342][INFO] any info message - [id:10][instance:5] - [COMP-10][file-2.c][function-1][ln:228]
[2020-05-22 16:22:50,844][INFO] any info message - [id:10][instance:3] - [COMP-7][file-4.c][function-1][ln:297]
[2020-05-22 16:22:52,344][INFO] any info message - [id:10][instance:3] - [COMP-11][file-7.c][function-6][ln:611]
[2020-05-22 16:22:53,846][INFO] any info message - [id:10][instance:6] - [COMP-7][file-13.c][function-6][ln:757]
[2020-05-22 16:22:55,347][INFO] any info message - [id:10][instance:5] - [COMP-10][file-5.c][function-2][ln:541]
[2020-05-22 16:22:56,848][INFO] any info message - [id:10][instance:5] - [COMP-3][file-2.c][function-5][ln:263]
[2020-05-22 16:22:58,348][INFO] any info message - [id:10][instance:4] - [COMP-6][file-13.c][function-11][ln:943]
[2020-05-22 16:22:59,849][INFO] any info message - [id:10][instance:4] - [COMP-13][file-6.c][function-9][ln:985]
[2020-05-22 16:23:01,351][INFO] any info message - [id:10][instance:2] - [COMP-6][file-2.c][function-5][ln:714]
[2020-05-22 16:23:02,836][WARNING] Here is a warning message - [id:10][instance:6] - [COMP-8][file-3.c][function-11][ln:531]
[2020-05-22 16:23:02,837][DEBUG] any debug message - [id:10][instance:5] - [COMP-7][file-4.c][function-8][ln:502]
[2020-05-22 16:23:02,852][INFO] any info message - [id:10][instance:5] - [COMP-12][file-13.c][function-11][ln:499]
[2020-05-22 16:23:04,353][INFO] any info message - [id:10][instance:6] - [COMP-10][file-13.c][function-11][ln:970]
[2020-05-22 16:23:05,855][INFO] any info message - [id:10][instance:7] - [COMP-9][file-7.c][function-5][ln:273]
[2020-05-22 16:23:07,355][INFO] any info message - [id:10][instance:7] - [COMP-5][file-4.c][function-1][ln:890]
[2020-05-22 16:23:08,856][INFO] any info message - [id:10][instance:2] - [COMP-12][file-1.c][function-4][ln:990]
[2020-05-22 16:23:10,359][INFO] any info message - [id:10][instance:7] - [COMP-12][file-13.c][function-10][ln:191]
[2020-05-22 16:23:11,860][INFO] any info message - [id:10][instance:2] - [COMP-5][file-9.c][function-9][ln:978]
[2020-05-22 16:23:13,361][INFO] any info message - [id:10][instance:6] - [COMP-9][file-12.c][function-9][ln:800]
[2020-05-22 16:23:14,862][INFO] any info message - [id:10][instance:2] - [COMP-4][file-11.c][function-2][ln:395]
[2020-05-22 16:23:16,364][INFO] any info message - [id:10][instance:4] - [COMP-8][file-9.c][function-3][ln:954]
[2020-05-22 16:23:17,839][DEBUG] any debug message - [id:10][instance:5] - [COMP-1][file-1.c][function-8][ln:400]
[2020-05-22 16:23:17,866][INFO] any info message - [id:10][instance:3] - [COMP-2][file-3.c][function-6][ln:835]
[2020-05-22 16:23:19,367][INFO] any info message - [id:10][instance:7] - [COMP-4][file-6.c][function-11][ln:911]
[2020-05-22 16:23:20,868][INFO] any info message - [id:10][instance:2] - [COMP-10][file-7.c][function-7][ln:312]
[2020-05-22 16:23:22,369][INFO] any info message - [id:10][instance:7] - [COMP-11][file-10.c][function-13][ln:333]
[2020-05-22 16:23:23,870][INFO] any info message - [id:10][instance:1] - [COMP-4][file-6.c][function-12][ln:311]
[2020-05-22 16:23:25,371][INFO] any info message - [id:10][instance:7] - [COMP-11][file-11.c][function-9][ln:626]
[2020-05-22 16:23:26,872][INFO] any info message - [id:10][instance:2] - [COMP-8][file-12.c][function-7][ln:128]
[2020-05-22 16:23:28,374][INFO] any info message - [id:10][instance:6] - [COMP-9][file-5.c][function-1][ln:327]
[2020-05-22 16:23:29,876][INFO] any info message - [id:10][instance:5] - [COMP-13][file-12.c][function-9][ln:404]
[2020-05-22 16:23:31,378][INFO] any info message - [id:10][instance:5] - [COMP-10][file-7.c][function-12][ln:945]
[2020-05-22 16:23:32,838][ERROR] It is an error message - [id:10][instance:6] - [COMP-13][file-5.c][function-3][ln:655]
[2020-05-22 16:23:32,839][WARNING] Here is a warning message - [id:10][instance:6] - [COMP-10][file-2.c][function-3][ln:865]
[2020-05-22 16:23:32,845][DEBUG] any debug message - [id:10][instance:3] - [COMP-2][file-7.c][function-2][ln:446]
[2020-05-22 16:23:32,880][INFO] any info message - [id:10][instance:7] - [COMP-10][file-1.c][function-10][ln:523]
[2020-05-22 16:23:34,381][INFO] any info message - [id:10][instance:4] - [COMP-9][file-12.c][function-1][ln:535]
[2020-05-22 16:23:35,881][INFO] any info message - [id:10][instance:2] - [COMP-6][file-13.c][function-1][ln:891]
[2020-05-22 16:23:37,382][INFO] any info message - [id:10][instance:3] - [COMP-11][file-6.c][function-10][ln:756]
[2020-05-22 16:23:38,882][INFO] any info message - [id:10][instance:5] - [COMP-2][file-3.c][function-1][ln:74]
[2020-05-22 16:23:40,383][INFO] any info message - [id:10][instance:4] - [COMP-2][file-9.c][function-1][ln:925]
[2020-05-22 16:23:41,884][INFO] any info message - [id:10][instance:7] - [COMP-1][file-13.c][function-5][ln:245]
[2020-05-22 16:23:43,386][INFO] any info message - [id:10][instance:2] - [COMP-11][file-5.c][function-9][ln:616]
[2020-05-22 16:23:44,887][INFO] any info message - [id:10][instance:7] - [COMP-2][file-2.c][function-6][ln:478]
[2020-05-22 16:23:46,389][INFO] any info message - [id:10][instance:2] - [COMP-13][file-1.c][function-10][ln:639]
[2020-05-22 16:23:47,846][DEBUG] any debug message - [id:10][instance:3] - [COMP-1][file-2.c][function-7][ln:658]
[2020-05-22 16:23:47,890][INFO] any info message - [id:10][instance:7] - [COMP-4][file-3.c][function-12][ln:111]
[2020-05-22 16:23:49,391][INFO] any info message - [id:10][instance:4] - [COMP-1][file-4.c][function-12][ln:160]
[2020-05-22 16:23:50,892][INFO] any info message - [id:10][instance:3] - [COMP-13][file-2.c][function-6][ln:69]
[2020-05-22 16:23:52,405][INFO] any info message - [id:10][instance:3] - [COMP-3][file-12.c][function-11][ln:531]
[2020-05-22 16:23:53,908][INFO] any info message - [id:10][instance:2] - [COMP-12][file-5.c][function-6][ln:157]
[2020-05-22 16:23:55,409][INFO] any info message - [id:10][instance:5] - [COMP-2][file-2.c][function-7][ln:398]
[2020-05-22 16:23:56,909][INFO] any info message - [id:10][instance:5] - [COMP-13][file-2.c][function-11][ln:890]
[2020-05-22 16:23:58,410][INFO] any info message - [id:10][instance:5] - [COMP-4][file-4.c][function-3][ln:192]
[2020-05-22 16:23:59,911][INFO] any info message - [id:10][instance:4] - [COMP-4][file-8.c][function-5][ln:34]
[2020-05-22 16:24:01,413][INFO] any info message - [id:10][instance:2] - [COMP-7][file-6.c][function-6][ln:590]
[2020-05-22 16:24:02,840][WARNING] Here is a warning message - [id:10][instance:1] - [COMP-5][file-4.c][function-10][ln:779]
[2020-05-22 16:24:02,847][DEBUG] any debug message - [id:10][instance:7] - [COMP-11][file-4.c][function-8][ln:635]
[2020-05-22 16:24:02,914][INFO] any info message - [id:10][instance:2] - [COMP-2][file-12.c][function-10][ln:484]
[2020-05-22 16:24:04,415][INFO] any info message - [id:10][instance:1] - [COMP-9][file-8.c][function-4][ln:445]
[2020-05-22 16:24:05,916][INFO] any info message - [id:10][instance:5] - [COMP-4][file-7.c][function-12][ln:482]
[2020-05-22 16:24:07,417][INFO] any info message - [id:10][instance:4] - [COMP-2][file-8.c][function-4][ln:262]
[2020-05-22 16:24:08,918][INFO] any info message - [id:10][instance:6] - [COMP-6][file-5.c][function-1][ln:303]
[2020-05-22 16:24:10,419][INFO] any info message - [id:10][instance:4] - [COMP-13][file-5.c][function-10][ln:796]
[2020-05-22 16:24:11,921][INFO] any info message - [id:10][instance:1] - [COMP-2][file-6.c][function-10][ln:421]
[2020-05-22 16:24:13,423][INFO] any info message - [id:10][instance:4] - [COMP-6][file-7.c][function-6][ln:360]
[2020-05-22 16:24:14,924][INFO] any info message - [id:10][instance:1] - [COMP-2][file-8.c][function-9][ln:670]
[2020-05-22 16:24:16,425][INFO] any info message - [id:10][instance:5] - [COMP-3][file-4.c][function-2][ln:483]
[2020-05-22 16:24:17,850][DEBUG] any debug message - [id:10][instance:5] - [COMP-8][file-8.c][function-7][ln:801]
[2020-05-22 16:24:17,927][INFO] any info message - [id:10][instance:4] - [COMP-11][file-3.c][function-10][ln:888]
[2020-05-22 16:24:19,426][INFO] any info message - [id:10][instance:2] - [COMP-2][file-11.c][function-5][ln:592]
[2020-05-22 16:24:20,928][INFO] any info message - [id:10][instance:7] - [COMP-1][file-13.c][function-7][ln:171]
[2020-05-22 16:24:22,429][INFO] any info message - [id:10][instance:1] - [COMP-10][file-1.c][function-9][ln:219]
[2020-05-22 16:24:23,931][INFO] any info message - [id:10][instance:2] - [COMP-8][file-3.c][function-3][ln:513]
[2020-05-22 16:24:25,431][INFO] any info message - [id:10][instance:7] - [COMP-9][file-1.c][function-12][ln:717]
[2020-05-22 16:24:26,932][INFO] any info message - [id:10][instance:1] - [COMP-13][file-2.c][function-10][ln:172]
[2020-05-22 16:24:28,433][INFO] any info message - [id:10][instance:2] - [COMP-9][file-8.c][function-3][ln:152]
[2020-05-22 16:24:29,933][INFO] any info message - [id:10][instance:4] - [COMP-2][file-6.c][function-11][ln:137]
[2020-05-22 16:24:31,435][INFO] any info message - [id:10][instance:1] - [COMP-2][file-7.c][function-7][ln:214]
[2020-05-22 16:24:32,840][ERROR] It is an error message - [id:10][instance:6] - [COMP-6][file-6.c][function-6][ln:69]
[2020-05-22 16:24:32,842][CRITICAL] ATTENTION: This is a critical issue! - [id:10][instance:2] - [COMP-8][file-8.c][function-12][ln:869]
[2020-05-22 16:24:32,853][WARNING] Here is a warning message - [id:10][instance:1] - [COMP-1][file-1.c][function-1][ln:153]
[2020-05-22 16:24:32,855][DEBUG] any debug message - [id:10][instance:4] - [COMP-3][file-2.c][function-9][ln:493]
[2020-05-22 16:24:32,937][INFO] any info message - [id:10][instance:7] - [COMP-12][file-6.c][function-2][ln:425]
[2020-05-22 16:24:34,437][INFO] any info message - [id:10][instance:2] - [COMP-3][file-4.c][function-4][ln:746]
[2020-05-22 16:24:35,939][INFO] any info message - [id:10][instance:4] - [COMP-1][file-7.c][function-8][ln:763]
[2020-05-22 16:24:37,440][INFO] any info message - [id:10][instance:7] - [COMP-13][file-9.c][function-13][ln:278]
[2020-05-22 16:24:38,942][INFO] any info message - [id:10][instance:7] - [COMP-6][file-1.c][function-2][ln:27]
[2020-05-22 16:24:40,444][INFO] any info message - [id:10][instance:7] - [COMP-11][file-2.c][function-3][ln:310]
[2020-05-22 16:24:41,945][INFO] any info message - [id:10][instance:5] - [COMP-3][file-11.c][function-2][ln:850]
[2020-05-22 16:24:43,446][INFO] any info message - [id:10][instance:3] - [COMP-2][file-13.c][function-9][ln:75]
[2020-05-22 16:24:44,949][INFO] any info message - [id:10][instance:7] - [COMP-2][file-13.c][function-4][ln:815]
[2020-05-22 16:24:46,449][INFO] any info message - [id:10][instance:3] - [COMP-11][file-2.c][function-2][ln:293]
[2020-05-22 16:24:47,856][DEBUG] any debug message - [id:10][instance:3] - [COMP-8][file-11.c][function-4][ln:61]
[2020-05-22 16:24:47,951][INFO] any info message - [id:10][instance:4] - [COMP-9][file-2.c][function-10][ln:300]
[2020-05-22 16:24:49,451][INFO] any info message - [id:10][instance:4] - [COMP-9][file-12.c][function-1][ln:484]
[2020-05-22 16:24:50,953][INFO] any info message - [id:10][instance:3] - [COMP-7][file-4.c][function-1][ln:380]
[2020-05-22 16:24:52,454][INFO] any info message - [id:10][instance:3] - [COMP-10][file-5.c][function-2][ln:589]
[2020-05-22 16:24:53,957][INFO] any info message - [id:10][instance:7] - [COMP-12][file-13.c][function-10][ln:215]
[2020-05-22 16:24:55,457][INFO] any info message - [id:10][instance:4] - [COMP-12][file-7.c][function-9][ln:372]
[2020-05-22 16:24:56,958][INFO] any info message - [id:10][instance:6] - [COMP-3][file-11.c][function-6][ln:5]
[2020-05-22 16:24:58,460][INFO] any info message - [id:10][instance:4] - [COMP-12][file-7.c][function-3][ln:24]
[2020-05-22 16:24:59,963][INFO] any info message - [id:10][instance:4] - [COMP-11][file-5.c][function-9][ln:980]
[2020-05-22 16:25:01,464][INFO] any info message - [id:10][instance:7] - [COMP-12][file-4.c][function-5][ln:964]
[2020-05-22 16:25:02,853][WARNING] Here is a warning message - [id:10][instance:1] - [COMP-7][file-2.c][function-9][ln:907]
[2020-05-22 16:25:02,865][DEBUG] any debug message - [id:10][instance:5] - [COMP-13][file-9.c][function-1][ln:600]
[2020-05-22 16:25:02,965][INFO] any info message - [id:10][instance:4] - [COMP-2][file-6.c][function-3][ln:40]
[2020-05-22 16:25:04,467][INFO] any info message - [id:10][instance:7] - [COMP-11][file-1.c][function-2][ln:741]
[2020-05-22 16:25:05,968][INFO] any info message - [id:10][instance:3] - [COMP-12][file-7.c][function-5][ln:489]
[2020-05-22 16:25:07,468][INFO] any info message - [id:10][instance:2] - [COMP-4][file-10.c][function-1][ln:869]
[2020-05-22 16:25:08,969][INFO] any info message - [id:10][instance:5] - [COMP-3][file-10.c][function-5][ln:950]
[2020-05-22 16:25:10,471][INFO] any info message - [id:10][instance:5] - [COMP-2][file-8.c][function-2][ln:67]
[2020-05-22 16:25:11,973][INFO] any info message - [id:10][instance:1] - [COMP-6][file-12.c][function-2][ln:232]
[2020-05-22 16:25:13,474][INFO] any info message - [id:10][instance:6] - [COMP-8][file-11.c][function-13][ln:607]
[2020-05-22 16:25:14,976][INFO] any info message - [id:10][instance:7] - [COMP-5][file-1.c][function-9][ln:526]
[2020-05-22 16:25:16,477][INFO] any info message - [id:10][instance:1] - [COMP-10][file-2.c][function-5][ln:88]
[2020-05-22 16:25:17,867][DEBUG] any debug message - [id:10][instance:4] - [COMP-3][file-13.c][function-5][ln:536]
[2020-05-22 16:25:17,979][INFO] any info message - [id:10][instance:6] - [COMP-5][file-8.c][function-3][ln:613]
[2020-05-22 16:25:19,479][INFO] any info message - [id:10][instance:2] - [COMP-9][file-9.c][function-11][ln:796]
[2020-05-22 16:25:20,981][INFO] any info message - [id:10][instance:5] - [COMP-2][file-5.c][function-9][ln:595]
[2020-05-22 16:25:22,482][INFO] any info message - [id:10][instance:3] - [COMP-2][file-1.c][function-6][ln:4]
[2020-05-22 16:25:23,985][INFO] any info message - [id:10][instance:6] - [COMP-13][file-5.c][function-9][ln:780]
[2020-05-22 16:25:25,484][INFO] any info message - [id:10][instance:3] - [COMP-5][file-8.c][function-6][ln:701]
[2020-05-22 16:25:26,986][INFO] any info message - [id:10][instance:1] - [COMP-4][file-9.c][function-10][ln:285]
[2020-05-22 16:25:28,487][INFO] any info message - [id:10][instance:4] - [COMP-10][file-1.c][function-11][ln:788]
[2020-05-22 16:25:29,988][INFO] any info message - [id:10][instance:3] - [COMP-1][file-13.c][function-13][ln:181]
[2020-05-22 16:25:31,489][INFO] any info message - [id:10][instance:3] - [COMP-13][file-4.c][function-8][ln:471]
[2020-05-22 16:25:32,842][ERROR] It is an error message - [id:10][instance:4] - [COMP-4][file-11.c][function-7][ln:627]
[2020-05-22 16:25:32,855][WARNING] Here is a warning message - [id:10][instance:1] - [COMP-7][file-5.c][function-6][ln:47]
[2020-05-22 16:25:32,869][DEBUG] any debug message - [id:10][instance:2] - [COMP-3][file-5.c][function-11][ln:655]
[2020-05-22 16:25:32,990][INFO] any info message - [id:10][instance:4] - [COMP-10][file-12.c][function-13][ln:144]
[2020-05-22 16:25:34,492][INFO] any info message - [id:10][instance:5] - [COMP-2][file-4.c][function-10][ln:57]
[2020-05-22 16:25:35,994][INFO] any info message - [id:10][instance:1] - [COMP-2][file-10.c][function-5][ln:128]
[2020-05-22 16:25:37,495][INFO] any info message - [id:10][instance:3] - [COMP-10][file-6.c][function-6][ln:689]
[2020-05-22 16:25:38,996][INFO] any info message - [id:10][instance:4] - [COMP-7][file-9.c][function-11][ln:72]
[2020-05-22 16:25:40,498][INFO] any info message - [id:10][instance:4] - [COMP-3][file-9.c][function-9][ln:862]
[2020-05-22 16:25:41,998][INFO] any info message - [id:10][instance:7] - [COMP-7][file-10.c][function-12][ln:780]
[2020-05-22 16:25:43,499][INFO] any info message - [id:10][instance:6] - [COMP-9][file-8.c][function-7][ln:35]
[2020-05-22 16:25:45,000][INFO] any info message - [id:10][instance:2] - [COMP-5][file-2.c][function-12][ln:560]
[2020-05-22 16:25:46,502][INFO] any info message - [id:10][instance:7] - [COMP-7][file-7.c][function-2][ln:129]
[2020-05-22 16:25:47,871][DEBUG] any debug message - [id:10][instance:3] - [COMP-4][file-8.c][function-7][ln:582]
[2020-05-22 16:25:48,004][INFO] any info message - [id:10][instance:7] - [COMP-9][file-7.c][function-13][ln:437]
[2020-05-22 16:25:49,505][INFO] any info message - [id:10][instance:6] - [COMP-6][file-4.c][function-2][ln:950]
[2020-05-22 16:25:51,007][INFO] any info message - [id:10][instance:3] - [COMP-10][file-2.c][function-3][ln:27]
[2020-05-22 16:25:52,507][INFO] any info message - [id:10][instance:4] - [COMP-13][file-6.c][function-4][ln:50]
[2020-05-22 16:25:54,010][INFO] any info message - [id:10][instance:3] - [COMP-2][file-5.c][function-2][ln:26]
[2020-05-22 16:25:55,513][INFO] any info message - [id:10][instance:4] - [COMP-2][file-10.c][function-12][ln:499]
[2020-05-22 16:25:57,014][INFO] any info message - [id:10][instance:4] - [COMP-1][file-3.c][function-12][ln:452]
[2020-05-22 16:25:58,515][INFO] any info message - [id:10][instance:5] - [COMP-10][file-6.c][function-6][ln:807]
[2020-05-22 16:26:00,018][INFO] any info message - [id:10][instance:5] - [COMP-4][file-3.c][function-13][ln:711]
[2020-05-22 16:26:01,520][INFO] any info message - [id:10][instance:3] - [COMP-7][file-4.c][function-13][ln:6]
[2020-05-22 16:26:02,857][WARNING] Here is a warning message - [id:10][instance:5] - [COMP-3][file-1.c][function-9][ln:270]
[2020-05-22 16:26:02,873][DEBUG] any debug message - [id:10][instance:3] - [COMP-8][file-12.c][function-8][ln:777]
[2020-05-22 16:26:03,021][INFO] any info message - [id:10][instance:1] - [COMP-11][file-2.c][function-8][ln:464]
[2020-05-22 16:26:04,523][INFO] any info message - [id:10][instance:7] - [COMP-7][file-8.c][function-11][ln:950]
[2020-05-22 16:26:06,025][INFO] any info message - [id:10][instance:1] - [COMP-11][file-13.c][function-2][ln:348]
[2020-05-22 16:26:07,526][INFO] any info message - [id:10][instance:6] - [COMP-7][file-5.c][function-7][ln:14]
[2020-05-22 16:26:09,028][INFO] any info message - [id:10][instance:4] - [COMP-8][file-9.c][function-13][ln:694]
[2020-05-22 16:26:10,529][INFO] any info message - [id:10][instance:2] - [COMP-10][file-11.c][function-8][ln:140]
[2020-05-22 16:26:12,031][INFO] any info message - [id:10][instance:4] - [COMP-9][file-3.c][function-4][ln:939]
[2020-05-22 16:26:13,531][INFO] any info message - [id:10][instance:5] - [COMP-10][file-7.c][function-5][ln:789]
[2020-05-22 16:26:15,032][INFO] any info message - [id:10][instance:1] - [COMP-10][file-1.c][function-1][ln:248]
[2020-05-22 16:26:16,534][INFO] any info message - [id:10][instance:6] - [COMP-9][file-7.c][function-8][ln:292]
[2020-05-22 16:26:17,876][DEBUG] any debug message - [id:10][instance:6] - [COMP-2][file-8.c][function-13][ln:255]
[2020-05-22 16:26:18,037][INFO] any info message - [id:10][instance:6] - [COMP-11][file-3.c][function-3][ln:127]
[2020-05-22 16:26:19,536][INFO] any info message - [id:10][instance:3] - [COMP-10][file-10.c][function-13][ln:382]
[2020-05-22 16:26:21,038][INFO] any info message - [id:10][instance:6] - [COMP-8][file-13.c][function-13][ln:593]
[2020-05-22 16:26:22,540][INFO] any info message - [id:10][instance:1] - [COMP-8][file-9.c][function-13][ln:467]
[2020-05-22 16:26:24,042][INFO] any info message - [id:10][instance:2] - [COMP-10][file-4.c][function-3][ln:675]
[2020-05-22 16:26:25,542][INFO] any info message - [id:10][instance:5] - [COMP-4][file-11.c][function-12][ln:654]
[2020-05-22 16:26:27,044][INFO] any info message - [id:10][instance:7] - [COMP-7][file-5.c][function-10][ln:287]
[2020-05-22 16:26:28,545][INFO] any info message - [id:10][instance:2] - [COMP-4][file-12.c][function-11][ln:883]
[2020-05-22 16:26:30,046][INFO] any info message - [id:10][instance:6] - [COMP-11][file-8.c][function-10][ln:660]
[2020-05-22 16:26:31,548][INFO] any info message - [id:10][instance:3] - [COMP-13][file-10.c][function-11][ln:622]
[2020-05-22 16:26:32,843][CRITICAL] ATTENTION: This is a critical issue! - [id:10][instance:7] - [COMP-2][file-8.c][function-9][ln:928]
[2020-05-22 16:26:32,844][ERROR] It is an error message - [id:10][instance:5] - [COMP-8][file-6.c][function-10][ln:421]
[2020-05-22 16:26:32,858][WARNING] Here is a warning message - [id:10][instance:4] - [COMP-6][file-3.c][function-6][ln:216]
[2020-05-22 16:26:32,876][DEBUG] any debug message - [id:10][instance:3] - [COMP-10][file-10.c][function-4][ln:693]
[2020-05-22 16:26:33,049][INFO] any info message - [id:10][instance:7] - [COMP-1][file-3.c][function-4][ln:827]
[2020-05-22 16:26:34,551][INFO] any info message - [id:10][instance:5] - [COMP-10][file-11.c][function-5][ln:744]
[2020-05-22 16:26:36,053][INFO] any info message - [id:10][instance:7] - [COMP-5][file-13.c][function-6][ln:182]
[2020-05-22 16:26:37,554][INFO] any info message - [id:10][instance:4] - [COMP-12][file-1.c][function-3][ln:864]
[2020-05-22 16:26:39,055][INFO] any info message - [id:10][instance:1] - [COMP-4][file-9.c][function-6][ln:294]
[2020-05-22 16:26:40,557][INFO] any info message - [id:10][instance:6] - [COMP-1][file-5.c][function-6][ln:100]
[2020-05-22 16:26:42,058][INFO] any info message - [id:10][instance:5] - [COMP-8][file-4.c][function-12][ln:379]
[2020-05-22 16:26:43,558][INFO] any info message - [id:10][instance:6] - [COMP-12][file-9.c][function-11][ln:158]
[2020-05-22 16:26:45,059][INFO] any info message - [id:10][instance:6] - [COMP-13][file-2.c][function-9][ln:98]
[2020-05-22 16:26:46,560][INFO] any info message - [id:10][instance:6] - [COMP-1][file-2.c][function-11][ln:85]
[2020-05-22 16:26:47,877][DEBUG] any debug message - [id:10][instance:6] - [COMP-8][file-9.c][function-2][ln:801]
[2020-05-22 16:26:48,061][INFO] any info message - [id:10][instance:2] - [COMP-11][file-4.c][function-4][ln:907]
[2020-05-22 16:26:49,563][INFO] any info message - [id:10][instance:6] - [COMP-11][file-12.c][function-8][ln:155]
[2020-05-22 16:26:51,064][INFO] any info message - [id:10][instance:4] - [COMP-8][file-10.c][function-13][ln:166]
[2020-05-22 16:26:52,565][INFO] any info message - [id:10][instance:6] - [COMP-1][file-8.c][function-10][ln:689]
[2020-05-22 16:26:54,068][INFO] any info message - [id:10][instance:7] - [COMP-3][file-13.c][function-13][ln:175]
[2020-05-22 16:26:55,568][INFO] any info message - [id:10][instance:2] - [COMP-13][file-1.c][function-9][ln:502]
[2020-05-22 16:26:57,070][INFO] any info message - [id:10][instance:2] - [COMP-6][file-5.c][function-4][ln:455]
[2020-05-22 16:26:58,571][INFO] any info message - [id:10][instance:1] - [COMP-4][file-9.c][function-13][ln:150]
[2020-05-22 16:27:00,072][INFO] any info message - [id:10][instance:3] - [COMP-9][file-2.c][function-13][ln:243]
[2020-05-22 16:27:01,573][INFO] any info message - [id:10][instance:6] - [COMP-8][file-13.c][function-12][ln:645]
[2020-05-22 16:27:02,860][WARNING] Here is a warning message - [id:10][instance:5] - [COMP-7][file-8.c][function-3][ln:406]
[2020-05-22 16:27:02,878][DEBUG] any debug message - [id:10][instance:3] - [COMP-12][file-6.c][function-11][ln:293]
[2020-05-22 16:27:03,074][INFO] any info message - [id:10][instance:3] - [COMP-2][file-13.c][function-5][ln:29]
[2020-05-22 16:27:04,575][INFO] any info message - [id:10][instance:7] - [COMP-8][file-1.c][function-8][ln:941]
[2020-05-22 16:27:06,076][INFO] any info message - [id:10][instance:1] - [COMP-3][file-12.c][function-10][ln:35]
[2020-05-22 16:27:07,578][INFO] any info message - [id:10][instance:7] - [COMP-2][file-13.c][function-13][ln:848]
[2020-05-22 16:27:09,080][INFO] any info message - [id:10][instance:7] - [COMP-2][file-13.c][function-3][ln:846]
[2020-05-22 16:27:10,580][INFO] any info message - [id:10][instance:7] - [COMP-2][file-12.c][function-12][ln:660]
[2020-05-22 16:27:12,080][INFO] any info message - [id:10][instance:6] - [COMP-9][file-8.c][function-12][ln:639]
[2020-05-22 16:27:13,580][INFO] any info message - [id:10][instance:4] - [COMP-4][file-9.c][function-12][ln:250]
[2020-05-22 16:27:15,082][INFO] any info message - [id:10][instance:3] - [COMP-11][file-13.c][function-8][ln:875]
[2020-05-22 16:27:16,582][INFO] any info message - [id:10][instance:3] - [COMP-7][file-11.c][function-4][ln:162]
[2020-05-22 16:27:17,880][DEBUG] any debug message - [id:10][instance:3] - [COMP-3][file-7.c][function-7][ln:537]
[2020-05-22 16:27:18,083][INFO] any info message - [id:10][instance:2] - [COMP-11][file-11.c][function-9][ln:611]
[2020-05-22 16:27:19,583][INFO] any info message - [id:10][instance:7] - [COMP-3][file-8.c][function-11][ln:938]
[2020-05-22 16:27:21,084][INFO] any info message - [id:10][instance:7] - [COMP-1][file-7.c][function-6][ln:51]
[2020-05-22 16:27:22,584][INFO] any info message - [id:10][instance:4] - [COMP-7][file-12.c][function-3][ln:707]
[2020-05-22 16:27:24,084][INFO] any info message - [id:10][instance:1] - [COMP-1][file-11.c][function-10][ln:874]
[2020-05-22 16:27:25,584][INFO] any info message - [id:10][instance:7] - [COMP-5][file-13.c][function-5][ln:439]
[2020-05-22 16:27:27,086][INFO] any info message - [id:10][instance:7] - [COMP-9][file-8.c][function-3][ln:100]
[2020-05-22 16:27:28,587][INFO] any info message - [id:10][instance:3] - [COMP-13][file-11.c][function-13][ln:141]
[2020-05-22 16:27:30,088][INFO] any info message - [id:10][instance:5] - [COMP-5][file-13.c][function-3][ln:776]
[2020-05-22 16:27:31,589][INFO] any info message - [id:10][instance:7] - [COMP-10][file-8.c][function-11][ln:683]
[2020-05-22 16:27:32,845][ERROR] It is an error message - [id:10][instance:6] - [COMP-6][file-5.c][function-8][ln:981]
[2020-05-22 16:27:32,862][WARNING] Here is a warning message - [id:10][instance:5] - [COMP-5][file-13.c][function-3][ln:384]
[2020-05-22 16:27:32,882][DEBUG] any debug message - [id:10][instance:5] - [COMP-10][file-12.c][function-5][ln:433]
[2020-05-22 16:27:33,090][INFO] any info message - [id:10][instance:1] - [COMP-10][file-8.c][function-5][ln:918]
[2020-05-22 16:27:34,592][INFO] any info message - [id:10][instance:4] - [COMP-5][file-12.c][function-4][ln:827]
[2020-05-22 16:27:36,094][INFO] any info message - [id:10][instance:7] - [COMP-2][file-3.c][function-11][ln:493]
[2020-05-22 16:27:37,594][INFO] any info message - [id:10][instance:7] - [COMP-13][file-6.c][function-9][ln:228]
[2020-05-22 16:27:39,095][INFO] any info message - [id:10][instance:3] - [COMP-9][file-7.c][function-6][ln:114]
[2020-05-22 16:27:40,596][INFO] any info message - [id:10][instance:5] - [COMP-7][file-8.c][function-8][ln:924]
[2020-05-22 16:27:42,097][INFO] any info message - [id:10][instance:4] - [COMP-1][file-7.c][function-1][ln:839]
[2020-05-22 16:27:43,599][INFO] any info message - [id:10][instance:7] - [COMP-8][file-8.c][function-3][ln:441]
[2020-05-22 16:27:45,100][INFO] any info message - [id:10][instance:2] - [COMP-3][file-8.c][function-2][ln:598]
[2020-05-22 16:27:46,602][INFO] any info message - [id:10][instance:6] - [COMP-10][file-4.c][function-10][ln:217]
[2020-05-22 16:27:47,882][DEBUG] any debug message - [id:10][instance:7] - [COMP-13][file-3.c][function-8][ln:637]
[2020-05-22 16:27:48,103][INFO] any info message - [id:10][instance:2] - [COMP-8][file-1.c][function-13][ln:712]
[2020-05-22 16:27:49,605][INFO] any info message - [id:10][instance:6] - [COMP-10][file-9.c][function-9][ln:663]
[2020-05-22 16:27:51,107][INFO] any info message - [id:10][instance:5] - [COMP-12][file-8.c][function-1][ln:327]
[2020-05-22 16:27:52,609][INFO] any info message - [id:10][instance:2] - [COMP-13][file-1.c][function-13][ln:217]
[2020-05-22 16:27:54,111][INFO] any info message - [id:10][instance:1] - [COMP-2][file-1.c][function-12][ln:194]
[2020-05-22 16:27:55,612][INFO] any info message - [id:10][instance:4] - [COMP-10][file-6.c][function-11][ln:963]
[2020-05-22 16:27:57,113][INFO] any info message - [id:10][instance:6] - [COMP-8][file-2.c][function-13][ln:658]
[2020-05-22 16:27:58,615][INFO] any info message - [id:10][instance:2] - [COMP-12][file-6.c][function-10][ln:149]
[2020-05-22 16:28:00,116][INFO] any info message - [id:10][instance:7] - [COMP-11][file-9.c][function-3][ln:866]
[2020-05-22 16:28:01,618][INFO] any info message - [id:10][instance:7] - [COMP-7][file-11.c][function-8][ln:458]
[2020-05-22 16:28:02,864][WARNING] Here is a warning message - [id:10][instance:3] - [COMP-5][file-10.c][function-1][ln:426]
[2020-05-22 16:28:02,884][DEBUG] any debug message - [id:10][instance:7] - [COMP-13][file-2.c][function-5][ln:753]
[2020-05-22 16:28:03,120][INFO] any info message - [id:10][instance:2] - [COMP-9][file-6.c][function-5][ln:670]
[2020-05-22 16:28:04,622][INFO] any info message - [id:10][instance:6] - [COMP-1][file-2.c][function-6][ln:888]
[2020-05-22 16:28:06,123][INFO] any info message - [id:10][instance:3] - [COMP-1][file-6.c][function-9][ln:518]
[2020-05-22 16:28:07,624][INFO] any info message - [id:10][instance:6] - [COMP-9][file-5.c][function-8][ln:681]
[2020-05-22 16:28:09,126][INFO] any info message - [id:10][instance:2] - [COMP-7][file-5.c][function-6][ln:193]
[2020-05-22 16:28:10,627][INFO] any info message - [id:10][instance:1] - [COMP-8][file-8.c][function-4][ln:935]
[2020-05-22 16:28:12,129][INFO] any info message - [id:10][instance:1] - [COMP-1][file-13.c][function-8][ln:22]
[2020-05-22 16:28:13,630][INFO] any info message - [id:10][instance:3] - [COMP-13][file-13.c][function-7][ln:68]
[2020-05-22 16:28:15,132][INFO] any info message - [id:10][instance:6] - [COMP-11][file-9.c][function-8][ln:422]
[2020-05-22 16:28:16,632][INFO] any info message - [id:10][instance:3] - [COMP-9][file-13.c][function-7][ln:921]
[2020-05-22 16:28:17,886][DEBUG] any debug message - [id:10][instance:1] - [COMP-7][file-12.c][function-7][ln:850]
[2020-05-22 16:28:18,135][INFO] any info message - [id:10][instance:3] - [COMP-5][file-9.c][function-6][ln:190]
[2020-05-22 16:28:19,636][INFO] any info message - [id:10][instance:7] - [COMP-9][file-1.c][function-9][ln:327]
[2020-05-22 16:28:21,137][INFO] any info message - [id:10][instance:3] - [COMP-7][file-4.c][function-8][ln:474]
[2020-05-22 16:28:22,638][INFO] any info message - [id:10][instance:6] - [COMP-3][file-6.c][function-8][ln:256]
[2020-05-22 16:28:24,140][INFO] any info message - [id:10][instance:5] - [COMP-10][file-4.c][function-9][ln:874]
[2020-05-22 16:28:25,641][INFO] any info message - [id:10][instance:2] - [COMP-5][file-8.c][function-6][ln:401]
[2020-05-22 16:28:27,143][INFO] any info message - [id:10][instance:1] - [COMP-8][file-3.c][function-6][ln:845]
[2020-05-22 16:28:28,644][INFO] any info message - [id:10][instance:4] - [COMP-13][file-4.c][function-1][ln:863]
[2020-05-22 16:28:30,146][INFO] any info message - [id:10][instance:1] - [COMP-5][file-4.c][function-7][ln:90]
[2020-05-22 16:28:31,646][INFO] any info message - [id:10][instance:7] - [COMP-3][file-5.c][function-1][ln:92]
[2020-05-22 16:28:32,845][CRITICAL] ATTENTION: This is a critical issue! - [id:10][instance:1] - [COMP-2][file-1.c][function-6][ln:642]
[2020-05-22 16:28:32,852][ERROR] It is an error message - [id:10][instance:5] - [COMP-1][file-11.c][function-4][ln:888]
[2020-05-22 16:28:32,865][WARNING] Here is a warning message - [id:10][instance:4] - [COMP-4][file-12.c][function-4][ln:536]
[2020-05-22 16:28:32,888][DEBUG] any debug message - [id:10][instance:5] - [COMP-1][file-5.c][function-7][ln:327]
[2020-05-22 16:28:33,148][INFO] any info message - [id:10][instance:7] - [COMP-1][file-9.c][function-6][ln:491]
[2020-05-22 16:28:34,648][INFO] any info message - [id:10][instance:4] - [COMP-3][file-8.c][function-4][ln:596]
[2020-05-22 16:28:36,149][INFO] any info message - [id:10][instance:1] - [COMP-7][file-13.c][function-8][ln:382]
[2020-05-22 16:28:37,651][INFO] any info message - [id:10][instance:5] - [COMP-9][file-10.c][function-3][ln:236]
[2020-05-22 16:28:39,154][INFO] any info message - [id:10][instance:2] - [COMP-13][file-2.c][function-13][ln:468]
[2020-05-22 16:28:40,653][INFO] any info message - [id:10][instance:3] - [COMP-12][file-10.c][function-10][ln:330]
[2020-05-22 16:28:42,156][INFO] any info message - [id:10][instance:4] - [COMP-6][file-6.c][function-13][ln:803]
[2020-05-22 16:28:43,656][INFO] any info message - [id:10][instance:6] - [COMP-6][file-10.c][function-3][ln:810]
[2020-05-22 16:28:45,157][INFO] any info message - [id:10][instance:2] - [COMP-5][file-2.c][function-4][ln:106]
[2020-05-22 16:28:46,658][INFO] any info message - [id:10][instance:6] - [COMP-11][file-3.c][function-1][ln:489]
[2020-05-22 16:28:47,889][DEBUG] any debug message - [id:10][instance:7] - [COMP-7][file-13.c][function-1][ln:574]
[2020-05-22 16:28:48,160][INFO] any info message - [id:10][instance:3] - [COMP-13][file-13.c][function-11][ln:9]
[2020-05-22 16:28:49,661][INFO] any info message - [id:10][instance:4] - [COMP-7][file-7.c][function-1][ln:391]
[2020-05-22 16:28:51,162][INFO] any info message - [id:10][instance:4] - [COMP-11][file-5.c][function-1][ln:26]
[2020-05-22 16:28:52,663][INFO] any info message - [id:10][instance:7] - [COMP-2][file-10.c][function-8][ln:856]
[2020-05-22 16:28:54,164][INFO] any info message - [id:10][instance:6] - [COMP-9][file-13.c][function-12][ln:802]
[2020-05-22 16:28:55,665][INFO] any info message - [id:10][instance:7] - [COMP-4][file-13.c][function-1][ln:807]
[2020-05-22 16:28:57,166][INFO] any info message - [id:10][instance:5] - [COMP-1][file-11.c][function-11][ln:907]
[2020-05-22 16:28:58,668][INFO] any info message - [id:10][instance:7] - [COMP-9][file-11.c][function-6][ln:853]
[2020-05-22 16:29:00,170][INFO] any info message - [id:10][instance:6] - [COMP-1][file-5.c][function-12][ln:586]
[2020-05-22 16:29:01,672][INFO] any info message - [id:10][instance:3] - [COMP-1][file-2.c][function-13][ln:587]
[2020-05-22 16:29:02,866][WARNING] Here is a warning message - [id:10][instance:2] - [COMP-4][file-2.c][function-10][ln:898]
[2020-05-22 16:29:02,890][DEBUG] any debug message - [id:10][instance:6] - [COMP-5][file-5.c][function-11][ln:602]
[2020-05-22 16:29:03,172][INFO] any info message - [id:10][instance:5] - [COMP-9][file-9.c][function-12][ln:286]
[2020-05-22 16:29:04,674][INFO] any info message - [id:10][instance:2] - [COMP-8][file-12.c][function-1][ln:3]
[2020-05-22 16:29:06,176][INFO] any info message - [id:10][instance:4] - [COMP-8][file-7.c][function-4][ln:65]
[2020-05-22 16:29:07,677][INFO] any info message - [id:10][instance:4] - [COMP-13][file-9.c][function-1][ln:366]
[2020-05-22 16:29:09,178][INFO] any info message - [id:10][instance:1] - [COMP-12][file-6.c][function-7][ln:699]
[2020-05-22 16:29:10,679][INFO] any info message - [id:10][instance:5] - [COMP-5][file-5.c][function-12][ln:216]
[2020-05-22 16:29:12,181][INFO] any info message - [id:10][instance:6] - [COMP-7][file-5.c][function-5][ln:468]
[2020-05-22 16:29:13,683][INFO] any info message - [id:10][instance:1] - [COMP-7][file-1.c][function-3][ln:964]
[2020-05-22 16:29:15,185][INFO] any info message - [id:10][instance:3] - [COMP-2][file-13.c][function-1][ln:496]
[2020-05-22 16:29:16,687][INFO] any info message - [id:10][instance:3] - [COMP-7][file-5.c][function-7][ln:853]
[2020-05-22 16:29:17,891][DEBUG] any debug message - [id:10][instance:3] - [COMP-9][file-4.c][function-8][ln:754]
[2020-05-22 16:29:18,187][INFO] any info message - [id:10][instance:2] - [COMP-2][file-7.c][function-5][ln:702]
[2020-05-22 16:29:19,688][INFO] any info message - [id:10][instance:4] - [COMP-5][file-7.c][function-4][ln:717]
[2020-05-22 16:29:21,189][INFO] any info message - [id:10][instance:2] - [COMP-4][file-3.c][function-9][ln:648]
